[2016-08-29 10:02:47.843] [WARN] pomelo-rpc - [33m[D:\SGame\SGameServer\SGameServer\game-server\node_modules\pomelo\node_modules\pomelo-rpc\lib\rpc-client\mailboxes\ws-mailbox.js] [39mrpc request is timeout, id: 1, host: 127.0.0.1, port: 5152
[2016-08-29 10:02:47.844] [ERROR] pomelo-rpc - [31m[D:\SGame\SGameServer\SGameServer\game-server\node_modules\pomelo\node_modules\pomelo-rpc\lib\rpc-client\mailboxes\ws-mailbox.js] [39mrpc callback timeout, remote server host: 127.0.0.1, port: 5152
[2016-08-29 10:02:47.844] [ERROR] pomelo-rpc - [31m[D:\SGame\SGameServer\SGameServer\game-server\node_modules\pomelo\node_modules\pomelo-rpc\lib\rpc-client\mailstation.js] [39m[pomelo-rpc] fail to send message
[2016-08-29 10:02:47.845] [ERROR] pomelo-rpc - [31m[D:\SGame\SGameServer\SGameServer\game-server\node_modules\pomelo\node_modules\pomelo-rpc\lib\rpc-client\failureProcess.js] [39mrpc failed with error, remote server: player, msg: {"namespace":"sys","serverType":"player","service":"msgRemote","method":"forwardMessage","args":[{"id":3,"type":0,"compressRoute":0,"route":"player.playerHandler.uploadScore","body":{"uid":0},"compressGzip":0},{"id":1,"frontendId":"connector","settings":{}}]}, error code: 5
[2016-08-29 10:34:13.795] [ERROR] pomelo-rpc - [31m[D:\SGame\SGameServer\SGameServer\game-server\node_modules\pomelo\node_modules\pomelo-rpc\lib\rpc-client\mailboxes\ws-mailbox.js] [39mrpc socket is disconnect, reason: undefined
[2016-08-29 14:09:26.126] [ERROR] pomelo-rpc - [31m[D:\SGame\SGameServer\SGameServer\game-server\node_modules\pomelo\node_modules\pomelo-rpc\lib\rpc-client\mailboxes\ws-mailbox.js] [39mrpc socket is disconnect, reason: undefined
[2016-08-29 14:24:13.867] [ERROR] pomelo-rpc - [31m[D:\SGame\SGameServer\SGameServer\game-server\node_modules\pomelo\node_modules\pomelo-rpc\lib\rpc-client\mailboxes\ws-mailbox.js] [39mrpc socket is disconnect, reason: undefined
[2016-08-29 14:30:40.234] [ERROR] pomelo-rpc - [31m[D:\SGame\SGameServer\SGameServer\game-server\node_modules\pomelo\node_modules\pomelo-rpc\lib\rpc-client\mailboxes\ws-mailbox.js] [39mrpc socket is disconnect, reason: undefined
[2016-08-29 14:33:08.637] [ERROR] pomelo-rpc - [31m[D:\SGame\SGameServer\SGameServer\game-server\node_modules\pomelo\node_modules\pomelo-rpc\lib\rpc-client\mailboxes\ws-mailbox.js] [39mrpc socket is disconnect, reason: undefined
[2016-08-29 14:35:19.306] [ERROR] pomelo-rpc - [31m[D:\SGame\SGameServer\SGameServer\game-server\node_modules\pomelo\node_modules\pomelo-rpc\lib\rpc-client\mailboxes\ws-mailbox.js] [39mrpc socket is disconnect, reason: undefined
[2016-08-29 14:36:55.589] [ERROR] pomelo-rpc - [31m[D:\SGame\SGameServer\SGameServer\game-server\node_modules\pomelo\node_modules\pomelo-rpc\lib\rpc-client\mailboxes\ws-mailbox.js] [39mrpc socket is disconnect, reason: undefined
[2016-08-29 14:39:34.152] [ERROR] pomelo-rpc - [31m[D:\SGame\SGameServer\SGameServer\game-server\node_modules\pomelo\node_modules\pomelo-rpc\lib\rpc-client\mailboxes\ws-mailbox.js] [39mrpc socket is disconnect, reason: undefined
[2016-08-29 14:44:31.551] [ERROR] pomelo-rpc - [31m[D:\SGame\SGameServer\SGameServer\game-server\node_modules\pomelo\node_modules\pomelo-rpc\lib\rpc-client\mailboxes\ws-mailbox.js] [39mrpc socket is disconnect, reason: undefined
[2016-08-29 14:45:46.959] [ERROR] pomelo-rpc - [31m[D:\SGame\SGameServer\SGameServer\game-server\node_modules\pomelo\node_modules\pomelo-rpc\lib\rpc-client\mailboxes\ws-mailbox.js] [39mrpc socket is disconnect, reason: undefined
[2016-08-29 14:46:37.048] [ERROR] pomelo-rpc - [31m[D:\SGame\SGameServer\SGameServer\game-server\node_modules\pomelo\node_modules\pomelo-rpc\lib\rpc-client\mailboxes\ws-mailbox.js] [39mrpc socket is disconnect, reason: undefined
[2016-08-29 14:47:56.068] [ERROR] pomelo-rpc - [31m[D:\SGame\SGameServer\SGameServer\game-server\node_modules\pomelo\node_modules\pomelo-rpc\lib\rpc-client\mailboxes\ws-mailbox.js] [39mrpc socket is disconnect, reason: undefined
[2016-08-29 14:49:09.820] [ERROR] pomelo-rpc - [31m[D:\SGame\SGameServer\SGameServer\game-server\node_modules\pomelo\node_modules\pomelo-rpc\lib\rpc-client\mailboxes\ws-mailbox.js] [39mrpc socket is disconnect, reason: undefined
[2016-08-29 14:53:38.084] [ERROR] pomelo-rpc - [31m[D:\SGame\SGameServer\SGameServer\game-server\node_modules\pomelo\node_modules\pomelo-rpc\lib\rpc-client\mailboxes\ws-mailbox.js] [39mrpc socket is disconnect, reason: undefined
[2016-08-29 15:15:48.932] [ERROR] pomelo-rpc - [31m[D:\SGame\SGameServer\SGameServer\game-server\node_modules\pomelo\node_modules\pomelo-rpc\lib\rpc-client\mailboxes\ws-mailbox.js] [39mrpc socket is disconnect, reason: undefined
[2016-08-29 15:17:28.493] [ERROR] pomelo-rpc - [31m[D:\SGame\SGameServer\SGameServer\game-server\node_modules\pomelo\node_modules\pomelo-rpc\lib\rpc-client\mailboxes\ws-mailbox.js] [39mrpc socket is disconnect, reason: undefined
[2016-08-29 15:19:13.866] [ERROR] pomelo-rpc - [31m[D:\SGame\SGameServer\SGameServer\game-server\node_modules\pomelo\node_modules\pomelo-rpc\lib\rpc-client\mailboxes\ws-mailbox.js] [39mrpc socket is disconnect, reason: undefined
[2016-08-29 15:19:56.281] [ERROR] pomelo-rpc - [31m[D:\SGame\SGameServer\SGameServer\game-server\node_modules\pomelo\node_modules\pomelo-rpc\lib\rpc-client\mailboxes\ws-mailbox.js] [39mrpc socket is disconnect, reason: undefined
[2016-08-29 15:20:46.606] [ERROR] pomelo-rpc - [31m[D:\SGame\SGameServer\SGameServer\game-server\node_modules\pomelo\node_modules\pomelo-rpc\lib\rpc-client\mailboxes\ws-mailbox.js] [39mrpc socket is disconnect, reason: undefined
[2016-08-29 15:21:25.361] [ERROR] pomelo-rpc - [31m[D:\SGame\SGameServer\SGameServer\game-server\node_modules\pomelo\node_modules\pomelo-rpc\lib\rpc-client\mailboxes\ws-mailbox.js] [39mrpc socket is disconnect, reason: undefined
[2016-08-29 15:23:29.600] [ERROR] pomelo-rpc - [31m[D:\SGame\SGameServer\SGameServer\game-server\node_modules\pomelo\node_modules\pomelo-rpc\lib\rpc-client\mailboxes\ws-mailbox.js] [39mrpc socket is disconnect, reason: undefined
[2016-08-29 15:24:06.474] [ERROR] pomelo-rpc - [31m[D:\SGame\SGameServer\SGameServer\game-server\node_modules\pomelo\node_modules\pomelo-rpc\lib\rpc-client\mailboxes\ws-mailbox.js] [39mrpc socket is disconnect, reason: undefined
[2016-08-29 15:26:16.294] [ERROR] pomelo-rpc - [31m[D:\SGame\SGameServer\SGameServer\game-server\node_modules\pomelo\node_modules\pomelo-rpc\lib\rpc-client\mailboxes\ws-mailbox.js] [39mrpc socket is disconnect, reason: undefined
[2016-08-29 16:00:27.501] [ERROR] pomelo-rpc - [31m[D:\SGame\SGameServer\SGameServer\game-server\node_modules\pomelo\node_modules\pomelo-rpc\lib\rpc-client\mailboxes\ws-mailbox.js] [39mrpc socket is disconnect, reason: undefined
[2016-08-29 16:03:44.160] [ERROR] pomelo-rpc - [31m[D:\SGame\SGameServer\SGameServer\game-server\node_modules\pomelo\node_modules\pomelo-rpc\lib\rpc-client\mailboxes\ws-mailbox.js] [39mrpc socket is disconnect, reason: undefined
[2016-08-29 16:05:06.460] [ERROR] pomelo-rpc - [31m[D:\SGame\SGameServer\SGameServer\game-server\node_modules\pomelo\node_modules\pomelo-rpc\lib\rpc-client\mailboxes\ws-mailbox.js] [39mrpc socket is disconnect, reason: undefined
[2016-08-29 16:10:08.084] [ERROR] pomelo-rpc - [31m[D:\SGame\SGameServer\SGameServer\game-server\node_modules\pomelo\node_modules\pomelo-rpc\lib\rpc-client\mailboxes\ws-mailbox.js] [39mrpc socket is disconnect, reason: undefined
[2016-08-29 16:12:00.553] [ERROR] pomelo-rpc - [31m[D:\SGame\SGameServer\SGameServer\game-server\node_modules\pomelo\node_modules\pomelo-rpc\lib\rpc-client\mailboxes\ws-mailbox.js] [39mrpc socket is disconnect, reason: undefined
[2016-08-29 16:13:10.231] [ERROR] pomelo-rpc - [31m[D:\SGame\SGameServer\SGameServer\game-server\node_modules\pomelo\node_modules\pomelo-rpc\lib\rpc-client\mailboxes\ws-mailbox.js] [39mrpc socket is disconnect, reason: undefined
[2016-08-29 16:14:50.919] [ERROR] pomelo-rpc - [31m[D:\SGame\SGameServer\SGameServer\game-server\node_modules\pomelo\node_modules\pomelo-rpc\lib\rpc-client\mailboxes\ws-mailbox.js] [39mrpc socket is disconnect, reason: undefined
[2016-08-29 16:16:49.636] [ERROR] pomelo-rpc - [31m[D:\SGame\SGameServer\SGameServer\game-server\node_modules\pomelo\node_modules\pomelo-rpc\lib\rpc-client\mailboxes\ws-mailbox.js] [39mrpc socket is disconnect, reason: undefined
