[2016-07-04 20:06:11.249] [INFO] pomelo - [32m[D:\SGame\SGameServer\SGameServer\game-server\node_modules\pomelo\lib\application.js] [39mapplication inited: "connector-server-1"
[2016-07-04 20:06:20.983] [INFO] pomelo - [32m[D:\SGame\SGameServer\SGameServer\game-server\node_modules\pomelo\lib\application.js] [39m"connector-server-1" enter after start...
[2016-07-04 20:06:20.989] [INFO] pomelo - [32m[D:\SGame\SGameServer\SGameServer\game-server\node_modules\pomelo\lib\application.js] [39m"connector-server-1" finish start
[2016-07-04 20:06:20.990] [INFO] pomelo - [32m[D:\SGame\SGameServer\SGameServer\game-server\node_modules\pomelo\lib\application.js] [39m"connector-server-1" startup in 9616 ms
[2016-07-15 13:36:02.559] [INFO] pomelo - [32m[D:\SGame\SGameServer\SGameServer\game-server\node_modules\pomelo\lib\application.js] [39mapplication inited: "connector-server-1"
[2016-07-15 13:36:04.145] [INFO] pomelo - [32m[D:\SGame\SGameServer\SGameServer\game-server\node_modules\pomelo\lib\application.js] [39m"connector-server-1" enter after start...
[2016-07-15 13:36:04.152] [INFO] pomelo - [32m[D:\SGame\SGameServer\SGameServer\game-server\node_modules\pomelo\lib\application.js] [39m"connector-server-1" finish start
[2016-07-15 13:36:04.152] [INFO] pomelo - [32m[D:\SGame\SGameServer\SGameServer\game-server\node_modules\pomelo\lib\application.js] [39m"connector-server-1" startup in 1421 ms
[2016-07-15 13:38:44.228] [INFO] pomelo - [32m[D:\SGame\SGameServer\SGameServer\game-server\node_modules\pomelo\lib\application.js] [39mapplication inited: "connector-server-1"
[2016-07-15 13:38:45.233] [INFO] pomelo - [32m[D:\SGame\SGameServer\SGameServer\game-server\node_modules\pomelo\lib\application.js] [39m"connector-server-1" enter after start...
[2016-07-15 13:38:45.238] [INFO] pomelo - [32m[D:\SGame\SGameServer\SGameServer\game-server\node_modules\pomelo\lib\application.js] [39m"connector-server-1" finish start
[2016-07-15 13:38:45.239] [INFO] pomelo - [32m[D:\SGame\SGameServer\SGameServer\game-server\node_modules\pomelo\lib\application.js] [39m"connector-server-1" startup in 791 ms
[2016-07-15 13:38:45.868] [DEBUG] pomelo - [36m[D:\SGame\SGameServer\SGameServer\game-server\node_modules\pomelo\lib\modules\monitorwatcher.js] [39m[connector-server-1] receive addServer signal: {"action":"addServer","server":{"main":"D:\\SGame\\SGameServer\\SGameServer\\game-server\\app.js","env":"development","id":"player","host":"127.0.0.1","port":3152,"serverType":"player","pid":6124}}
[2016-07-19 14:50:25.726] [INFO] pomelo - [32m[D:\SGame\SGameServer\SGameServer\game-server\node_modules\pomelo\lib\application.js] [39mapplication inited: "connector-server-1"
[2016-07-19 14:51:39.722] [INFO] pomelo - [32m[D:\SGame\SGameServer\SGameServer\game-server\node_modules\pomelo\lib\application.js] [39mapplication inited: "connector-server-1"
[2016-07-19 14:51:40.639] [INFO] pomelo - [32m[D:\SGame\SGameServer\SGameServer\game-server\node_modules\pomelo\lib\application.js] [39m"connector-server-1" enter after start...
[2016-07-19 14:51:40.647] [INFO] pomelo - [32m[D:\SGame\SGameServer\SGameServer\game-server\node_modules\pomelo\lib\application.js] [39m"connector-server-1" finish start
[2016-07-19 14:51:40.647] [INFO] pomelo - [32m[D:\SGame\SGameServer\SGameServer\game-server\node_modules\pomelo\lib\application.js] [39m"connector-server-1" startup in 796 ms
[2016-07-19 14:51:41.146] [DEBUG] pomelo - [36m[D:\SGame\SGameServer\SGameServer\game-server\node_modules\pomelo\lib\modules\monitorwatcher.js] [39m[connector-server-1] receive addServer signal: {"action":"addServer","server":{"main":"D:\\SGame\\SGameServer\\SGameServer\\game-server\\app.js","env":"development","id":"player","host":"127.0.0.1","port":3152,"serverType":"player","pid":7856}}
[2016-07-19 15:00:08.729] [INFO] pomelo - [32m[D:\SGame\SGameServer\SGameServer\game-server\node_modules\pomelo\lib\application.js] [39mapplication inited: "connector-server-1"
[2016-07-19 15:00:09.871] [INFO] pomelo - [32m[D:\SGame\SGameServer\SGameServer\game-server\node_modules\pomelo\lib\application.js] [39m"connector-server-1" enter after start...
[2016-07-19 15:00:09.877] [INFO] pomelo - [32m[D:\SGame\SGameServer\SGameServer\game-server\node_modules\pomelo\lib\application.js] [39m"connector-server-1" finish start
[2016-07-19 15:00:09.878] [INFO] pomelo - [32m[D:\SGame\SGameServer\SGameServer\game-server\node_modules\pomelo\lib\application.js] [39m"connector-server-1" startup in 1033 ms
[2016-07-19 15:00:10.013] [DEBUG] pomelo - [36m[D:\SGame\SGameServer\SGameServer\game-server\node_modules\pomelo\lib\modules\monitorwatcher.js] [39m[connector-server-1] receive addServer signal: {"action":"addServer","server":{"main":"D:\\SGame\\SGameServer\\SGameServer\\game-server\\app.js","env":"development","id":"gate","host":"127.0.0.1","port":3151,"clientPort":2011,"frontend":"true","serverType":"gate","pid":888}}
[2016-07-19 15:00:10.502] [DEBUG] pomelo - [36m[D:\SGame\SGameServer\SGameServer\game-server\node_modules\pomelo\lib\modules\monitorwatcher.js] [39m[connector-server-1] receive addServer signal: {"action":"addServer","server":{"main":"D:\\SGame\\SGameServer\\SGameServer\\game-server\\app.js","env":"development","id":"player","host":"127.0.0.1","port":3152,"serverType":"player","pid":7272}}
[2016-07-19 15:14:44.265] [INFO] pomelo - [32m[D:\SGame\SGameServer\SGameServer\game-server\node_modules\pomelo\lib\application.js] [39mapplication inited: "connector-server-1"
[2016-07-19 15:14:46.079] [INFO] pomelo - [32m[D:\SGame\SGameServer\SGameServer\game-server\node_modules\pomelo\lib\application.js] [39m"connector-server-1" enter after start...
[2016-07-19 15:14:46.085] [INFO] pomelo - [32m[D:\SGame\SGameServer\SGameServer\game-server\node_modules\pomelo\lib\application.js] [39m"connector-server-1" finish start
[2016-07-19 15:14:46.085] [INFO] pomelo - [32m[D:\SGame\SGameServer\SGameServer\game-server\node_modules\pomelo\lib\application.js] [39m"connector-server-1" startup in 1686 ms
[2016-07-19 15:14:46.899] [DEBUG] pomelo - [36m[D:\SGame\SGameServer\SGameServer\game-server\node_modules\pomelo\lib\modules\monitorwatcher.js] [39m[connector-server-1] receive addServer signal: {"action":"addServer","server":{"main":"D:\\SGame\\SGameServer\\SGameServer\\game-server\\app.js","env":"development","id":"player","host":"127.0.0.1","port":3152,"serverType":"player","pid":7228}}
[2016-07-19 15:27:54.762] [INFO] pomelo - [32m[D:\SGame\SGameServer\SGameServer\game-server\node_modules\pomelo\lib\application.js] [39mapplication inited: "connector-server-1"
[2016-07-19 15:27:56.941] [INFO] pomelo - [32m[D:\SGame\SGameServer\SGameServer\game-server\node_modules\pomelo\lib\application.js] [39m"connector-server-1" enter after start...
[2016-07-19 15:27:56.947] [INFO] pomelo - [32m[D:\SGame\SGameServer\SGameServer\game-server\node_modules\pomelo\lib\application.js] [39m"connector-server-1" finish start
[2016-07-19 15:27:56.948] [INFO] pomelo - [32m[D:\SGame\SGameServer\SGameServer\game-server\node_modules\pomelo\lib\application.js] [39m"connector-server-1" startup in 1807 ms
[2016-07-19 15:27:57.430] [DEBUG] pomelo - [36m[D:\SGame\SGameServer\SGameServer\game-server\node_modules\pomelo\lib\modules\monitorwatcher.js] [39m[connector-server-1] receive addServer signal: {"action":"addServer","server":{"main":"D:\\SGame\\SGameServer\\SGameServer\\game-server\\app.js","env":"development","id":"player","host":"127.0.0.1","port":3152,"serverType":"player","pid":6512}}
[2016-07-25 16:31:39.503] [INFO] pomelo - [32m[D:\SGame\SGameServer\SGameServer\game-server\node_modules\pomelo\lib\application.js] [39mapplication inited: "connector-server-1"
[2016-07-25 16:31:42.746] [INFO] pomelo - [32m[D:\SGame\SGameServer\SGameServer\game-server\node_modules\pomelo\lib\application.js] [39m"connector-server-1" enter after start...
[2016-07-25 16:31:42.754] [INFO] pomelo - [32m[D:\SGame\SGameServer\SGameServer\game-server\node_modules\pomelo\lib\application.js] [39m"connector-server-1" finish start
[2016-07-25 16:31:42.754] [INFO] pomelo - [32m[D:\SGame\SGameServer\SGameServer\game-server\node_modules\pomelo\lib\application.js] [39m"connector-server-1" startup in 1598 ms
[2016-07-25 16:45:38.198] [DEBUG] pomelo - [36m[D:\SGame\SGameServer\SGameServer\game-server\node_modules\pomelo\lib\modules\monitorwatcher.js] [39mconnector-server-1 receive removeServer signal: {"action":"removeServer","id":"player"}
[2016-07-25 16:46:52.542] [DEBUG] pomelo - [36m[D:\SGame\SGameServer\SGameServer\game-server\node_modules\pomelo\lib\modules\monitorwatcher.js] [39m[connector-server-1] receive addServer signal: {"action":"addServer","server":{"main":"D:\\SGame\\SGameServer\\SGameServer\\game-server\\app.js","env":"development","id":"player","host":"127.0.0.1","port":3152,"args":" --debug=12456","serverType":"player","pid":8988}}
[2016-07-25 16:48:17.560] [DEBUG] pomelo - [36m[D:\SGame\SGameServer\SGameServer\game-server\node_modules\pomelo\lib\modules\monitorwatcher.js] [39mconnector-server-1 receive removeServer signal: {"action":"removeServer","id":"player"}
[2016-07-25 16:48:20.013] [DEBUG] pomelo - [36m[D:\SGame\SGameServer\SGameServer\game-server\node_modules\pomelo\lib\modules\monitorwatcher.js] [39m[connector-server-1] receive addServer signal: {"action":"addServer","server":{"main":"D:\\SGame\\SGameServer\\SGameServer\\game-server\\app.js","env":"development","id":"player","host":"127.0.0.1","port":3152,"args":" --debug=12456","serverType":"player","pid":8988}}
[2016-07-25 17:13:05.441] [INFO] pomelo - [32m[D:\SGame\SGameServer\SGameServer\game-server\node_modules\pomelo\lib\application.js] [39mapplication inited: "connector-server-1"
[2016-07-25 17:13:06.525] [INFO] pomelo - [32m[D:\SGame\SGameServer\SGameServer\game-server\node_modules\pomelo\lib\application.js] [39m"connector-server-1" enter after start...
[2016-07-25 17:13:06.530] [INFO] pomelo - [32m[D:\SGame\SGameServer\SGameServer\game-server\node_modules\pomelo\lib\application.js] [39m"connector-server-1" finish start
[2016-07-25 17:13:06.530] [INFO] pomelo - [32m[D:\SGame\SGameServer\SGameServer\game-server\node_modules\pomelo\lib\application.js] [39m"connector-server-1" startup in 957 ms
[2016-07-25 17:13:06.825] [DEBUG] pomelo - [36m[D:\SGame\SGameServer\SGameServer\game-server\node_modules\pomelo\lib\modules\monitorwatcher.js] [39m[connector-server-1] receive addServer signal: {"action":"addServer","server":{"main":"D:\\SGame\\SGameServer\\SGameServer\\game-server\\app.js","env":"development","id":"player","host":"127.0.0.1","port":3152,"serverType":"player","pid":6152}}
[2016-07-26 14:55:59.791] [INFO] pomelo - [32m[D:\SGame\SGameServer\SGameServer\game-server\node_modules\pomelo\lib\application.js] [39mapplication inited: "connector-server-1"
[2016-07-26 14:56:01.817] [INFO] pomelo - [32m[D:\SGame\SGameServer\SGameServer\game-server\node_modules\pomelo\lib\application.js] [39m"connector-server-1" enter after start...
[2016-07-26 14:56:01.829] [INFO] pomelo - [32m[D:\SGame\SGameServer\SGameServer\game-server\node_modules\pomelo\lib\application.js] [39m"connector-server-1" finish start
[2016-07-26 14:56:01.829] [INFO] pomelo - [32m[D:\SGame\SGameServer\SGameServer\game-server\node_modules\pomelo\lib\application.js] [39m"connector-server-1" startup in 1588 ms
[2016-07-26 15:00:24.760] [INFO] pomelo - [32m[D:\SGame\SGameServer\SGameServer\game-server\node_modules\pomelo\lib\application.js] [39mapplication inited: "connector-server-1"
[2016-07-26 15:00:26.576] [INFO] pomelo - [32m[D:\SGame\SGameServer\SGameServer\game-server\node_modules\pomelo\lib\application.js] [39m"connector-server-1" enter after start...
[2016-07-26 15:00:26.582] [INFO] pomelo - [32m[D:\SGame\SGameServer\SGameServer\game-server\node_modules\pomelo\lib\application.js] [39m"connector-server-1" finish start
[2016-07-26 15:00:26.582] [INFO] pomelo - [32m[D:\SGame\SGameServer\SGameServer\game-server\node_modules\pomelo\lib\application.js] [39m"connector-server-1" startup in 1689 ms
[2016-07-26 15:00:26.716] [DEBUG] pomelo - [36m[D:\SGame\SGameServer\SGameServer\game-server\node_modules\pomelo\lib\modules\monitorwatcher.js] [39m[connector-server-1] receive addServer signal: {"action":"addServer","server":{"main":"D:\\SGame\\SGameServer\\SGameServer\\game-server\\app.js","env":"development","id":"player","host":"127.0.0.1","port":3152,"serverType":"player","pid":6964}}
[2016-07-26 15:00:26.770] [DEBUG] pomelo - [36m[D:\SGame\SGameServer\SGameServer\game-server\node_modules\pomelo\lib\modules\monitorwatcher.js] [39m[connector-server-1] receive addServer signal: {"action":"addServer","server":{"main":"D:\\SGame\\SGameServer\\SGameServer\\game-server\\app.js","env":"development","id":"gate","host":"127.0.0.1","clientPort":2011,"frontend":"true","serverType":"gate","pid":9080}}
[2016-07-26 15:03:47.403] [INFO] pomelo - [32m[D:\SGame\SGameServer\SGameServer\game-server\node_modules\pomelo\lib\application.js] [39mapplication inited: "connector-server-1"
[2016-07-26 15:03:49.071] [INFO] pomelo - [32m[D:\SGame\SGameServer\SGameServer\game-server\node_modules\pomelo\lib\application.js] [39m"connector-server-1" enter after start...
[2016-07-26 15:03:49.076] [INFO] pomelo - [32m[D:\SGame\SGameServer\SGameServer\game-server\node_modules\pomelo\lib\application.js] [39m"connector-server-1" finish start
[2016-07-26 15:03:49.076] [INFO] pomelo - [32m[D:\SGame\SGameServer\SGameServer\game-server\node_modules\pomelo\lib\application.js] [39m"connector-server-1" startup in 1513 ms
[2016-07-26 15:03:49.489] [DEBUG] pomelo - [36m[D:\SGame\SGameServer\SGameServer\game-server\node_modules\pomelo\lib\modules\monitorwatcher.js] [39m[connector-server-1] receive addServer signal: {"action":"addServer","server":{"main":"D:\\SGame\\SGameServer\\SGameServer\\game-server\\app.js","env":"development","id":"gate","host":"127.0.0.1","clientPort":2011,"frontend":"true","serverType":"gate","pid":8924}}
[2016-07-26 15:03:49.634] [DEBUG] pomelo - [36m[D:\SGame\SGameServer\SGameServer\game-server\node_modules\pomelo\lib\modules\monitorwatcher.js] [39m[connector-server-1] receive addServer signal: {"action":"addServer","server":{"main":"D:\\SGame\\SGameServer\\SGameServer\\game-server\\app.js","env":"development","id":"player","host":"127.0.0.1","port":3152,"serverType":"player","pid":7404}}
[2016-07-26 15:07:30.521] [INFO] pomelo - [32m[D:\SGame\SGameServer\SGameServer\game-server\node_modules\pomelo\lib\application.js] [39mapplication inited: "connector-server-1"
[2016-07-26 15:07:31.560] [INFO] pomelo - [32m[D:\SGame\SGameServer\SGameServer\game-server\node_modules\pomelo\lib\application.js] [39m"connector-server-1" enter after start...
[2016-07-26 15:07:31.566] [INFO] pomelo - [32m[D:\SGame\SGameServer\SGameServer\game-server\node_modules\pomelo\lib\application.js] [39m"connector-server-1" finish start
[2016-07-26 15:07:31.566] [INFO] pomelo - [32m[D:\SGame\SGameServer\SGameServer\game-server\node_modules\pomelo\lib\application.js] [39m"connector-server-1" startup in 911 ms
[2016-07-26 15:07:32.151] [DEBUG] pomelo - [36m[D:\SGame\SGameServer\SGameServer\game-server\node_modules\pomelo\lib\modules\monitorwatcher.js] [39m[connector-server-1] receive addServer signal: {"action":"addServer","server":{"main":"D:\\SGame\\SGameServer\\SGameServer\\game-server\\app.js","env":"development","id":"gate","host":"127.0.0.1","clientPort":2011,"frontend":"true","serverType":"gate","pid":5448}}
[2016-07-26 15:07:33.791] [DEBUG] pomelo - [36m[D:\SGame\SGameServer\SGameServer\game-server\node_modules\pomelo\lib\modules\monitorwatcher.js] [39m[connector-server-1] receive addServer signal: {"action":"addServer","server":{"main":"D:\\SGame\\SGameServer\\SGameServer\\game-server\\app.js","env":"development","id":"player","host":"127.0.0.1","port":3152,"serverType":"player","pid":8996}}
[2016-07-26 15:14:59.840] [INFO] pomelo - [32m[D:\SGame\SGameServer\SGameServer\game-server\node_modules\pomelo\lib\application.js] [39mapplication inited: "connector-server-1"
[2016-07-26 15:15:04.094] [INFO] pomelo - [32m[D:\SGame\SGameServer\SGameServer\game-server\node_modules\pomelo\lib\application.js] [39m"connector-server-1" enter after start...
[2016-07-26 15:15:04.100] [INFO] pomelo - [32m[D:\SGame\SGameServer\SGameServer\game-server\node_modules\pomelo\lib\application.js] [39m"connector-server-1" finish start
[2016-07-26 15:15:04.100] [INFO] pomelo - [32m[D:\SGame\SGameServer\SGameServer\game-server\node_modules\pomelo\lib\application.js] [39m"connector-server-1" startup in 3843 ms
[2016-07-26 15:15:05.283] [DEBUG] pomelo - [36m[D:\SGame\SGameServer\SGameServer\game-server\node_modules\pomelo\lib\modules\monitorwatcher.js] [39m[connector-server-1] receive addServer signal: {"action":"addServer","server":{"main":"D:\\SGame\\SGameServer\\SGameServer\\game-server\\app.js","env":"development","id":"gate","host":"127.0.0.1","clientPort":2011,"frontend":"true","serverType":"gate","pid":8020}}
[2016-07-26 15:36:59.123] [INFO] pomelo - [32m[D:\SGame\SGameServer\SGameServer\game-server\node_modules\pomelo\lib\application.js] [39mapplication inited: "connector-server-1"
[2016-07-26 15:37:00.428] [INFO] pomelo - [32m[D:\SGame\SGameServer\SGameServer\game-server\node_modules\pomelo\lib\application.js] [39m"connector-server-1" enter after start...
[2016-07-26 15:37:00.433] [INFO] pomelo - [32m[D:\SGame\SGameServer\SGameServer\game-server\node_modules\pomelo\lib\application.js] [39m"connector-server-1" finish start
[2016-07-26 15:37:00.434] [INFO] pomelo - [32m[D:\SGame\SGameServer\SGameServer\game-server\node_modules\pomelo\lib\application.js] [39m"connector-server-1" startup in 1185 ms
[2016-07-26 15:37:00.924] [DEBUG] pomelo - [36m[D:\SGame\SGameServer\SGameServer\game-server\node_modules\pomelo\lib\modules\monitorwatcher.js] [39m[connector-server-1] receive addServer signal: {"action":"addServer","server":{"main":"D:\\SGame\\SGameServer\\SGameServer\\game-server\\app.js","env":"development","id":"gate","host":"127.0.0.1","clientPort":2011,"frontend":"true","serverType":"gate","pid":7240}}
[2016-07-26 15:37:01.188] [DEBUG] pomelo - [36m[D:\SGame\SGameServer\SGameServer\game-server\node_modules\pomelo\lib\modules\monitorwatcher.js] [39m[connector-server-1] receive addServer signal: {"action":"addServer","server":{"main":"D:\\SGame\\SGameServer\\SGameServer\\game-server\\app.js","env":"development","id":"player","host":"127.0.0.1","port":3152,"serverType":"player","pid":8704}}
[2016-07-27 10:47:14.820] [INFO] pomelo - [32m[D:\SGame\SGameServer\SGameServer\game-server\node_modules\pomelo\lib\application.js] [39mapplication inited: "connector-server-1"
[2016-07-27 10:47:16.559] [INFO] pomelo - [32m[D:\SGame\SGameServer\SGameServer\game-server\node_modules\pomelo\lib\application.js] [39m"connector-server-1" enter after start...
[2016-07-27 10:47:16.566] [INFO] pomelo - [32m[D:\SGame\SGameServer\SGameServer\game-server\node_modules\pomelo\lib\application.js] [39m"connector-server-1" finish start
[2016-07-27 10:47:16.567] [INFO] pomelo - [32m[D:\SGame\SGameServer\SGameServer\game-server\node_modules\pomelo\lib\application.js] [39m"connector-server-1" startup in 1299 ms
[2016-07-27 10:47:16.615] [DEBUG] pomelo - [36m[D:\SGame\SGameServer\SGameServer\game-server\node_modules\pomelo\lib\modules\monitorwatcher.js] [39m[connector-server-1] receive addServer signal: {"action":"addServer","server":{"main":"D:\\SGame\\SGameServer\\SGameServer\\game-server\\app.js","env":"development","id":"player","host":"127.0.0.1","port":3152,"serverType":"player","pid":7384}}
[2016-07-27 14:30:13.740] [INFO] pomelo - [32m[D:\SGame\SGameServer\SGameServer\game-server\node_modules\pomelo\lib\application.js] [39mapplication inited: "connector-server-1"
[2016-07-27 14:30:17.857] [INFO] pomelo - [32m[D:\SGame\SGameServer\SGameServer\game-server\node_modules\pomelo\lib\application.js] [39m"connector-server-1" enter after start...
[2016-07-27 14:30:17.862] [INFO] pomelo - [32m[D:\SGame\SGameServer\SGameServer\game-server\node_modules\pomelo\lib\application.js] [39m"connector-server-1" finish start
[2016-07-27 14:30:17.862] [INFO] pomelo - [32m[D:\SGame\SGameServer\SGameServer\game-server\node_modules\pomelo\lib\application.js] [39m"connector-server-1" startup in 3690 ms
[2016-07-27 14:31:05.279] [INFO] pomelo - [32m[D:\SGame\SGameServer\SGameServer\game-server\node_modules\pomelo\lib\application.js] [39mapplication inited: "connector-server-1"
[2016-07-27 14:31:06.303] [INFO] pomelo - [32m[D:\SGame\SGameServer\SGameServer\game-server\node_modules\pomelo\lib\application.js] [39m"connector-server-1" enter after start...
[2016-07-27 14:31:06.310] [INFO] pomelo - [32m[D:\SGame\SGameServer\SGameServer\game-server\node_modules\pomelo\lib\application.js] [39m"connector-server-1" finish start
[2016-07-27 14:31:06.310] [INFO] pomelo - [32m[D:\SGame\SGameServer\SGameServer\game-server\node_modules\pomelo\lib\application.js] [39m"connector-server-1" startup in 910 ms
[2016-07-27 14:31:06.514] [DEBUG] pomelo - [36m[D:\SGame\SGameServer\SGameServer\game-server\node_modules\pomelo\lib\modules\monitorwatcher.js] [39m[connector-server-1] receive addServer signal: {"action":"addServer","server":{"main":"D:\\SGame\\SGameServer\\SGameServer\\game-server\\app.js","env":"development","id":"gate","host":"127.0.0.1","clientPort":2011,"frontend":"true","serverType":"gate","pid":3988}}
[2016-07-27 14:31:07.064] [DEBUG] pomelo - [36m[D:\SGame\SGameServer\SGameServer\game-server\node_modules\pomelo\lib\modules\monitorwatcher.js] [39m[connector-server-1] receive addServer signal: {"action":"addServer","server":{"main":"D:\\SGame\\SGameServer\\SGameServer\\game-server\\app.js","env":"development","id":"player","host":"127.0.0.1","port":3152,"serverType":"player","pid":8756}}
[2016-07-27 14:32:08.645] [DEBUG] pomelo - [36m[D:\SGame\SGameServer\SGameServer\game-server\node_modules\pomelo\lib\components\connector.js] [39m[connector-server-1] getSession session is created with session id: 1
[2016-07-27 14:32:53.160] [DEBUG] pomelo - [36m[D:\SGame\SGameServer\SGameServer\game-server\node_modules\pomelo\lib\components\connector.js] [39m[connector-server-1] handleMessage session id: 1, msg: {"id":3,"type":0,"compressRoute":0,"route":"player.playerHandler.uploadScore","body":{"uid":0},"compressGzip":0}
[2016-07-27 14:33:23.435] [ERROR] pomelo - [31m[D:\SGame\SGameServer\SGameServer\game-server\node_modules\pomelo\lib\server\server.js] [39mfail to process remote message:Error: rpc failed with error code: 5
    at failfast (D:\SGame\SGameServer\SGameServer\game-server\node_modules\pomelo\node_modules\pomelo-rpc\lib\rpc-client\failureProcess.js:151:27)
    at module.exports (D:\SGame\SGameServer\SGameServer\game-server\node_modules\pomelo\node_modules\pomelo-rpc\lib\rpc-client\failureProcess.js:24:10)
    at emit (events.js:106:17)
    at D:\SGame\SGameServer\SGameServer\game-server\node_modules\pomelo\node_modules\pomelo-rpc\lib\rpc-client\mailstation.js:252:14
    at Object.exp.invokeCallback (D:\SGame\SGameServer\SGameServer\game-server\node_modules\pomelo\node_modules\pomelo-rpc\lib\util\utils.js:5:8)
    at null.<anonymous> (D:\SGame\SGameServer\SGameServer\game-server\node_modules\pomelo\node_modules\pomelo-rpc\lib\rpc-client\mailboxes\ws-mailbox.js:167:11)
    at Timer.listOnTimeout [as ontimeout] (timers.js:110:15)
[2016-07-27 14:33:23.435] [DEBUG] pomelo - [36m[D:\SGame\SGameServer\SGameServer\game-server\node_modules\pomelo\lib\components\connector.js] [39m[connector-server-1] send message reqId: 3, route: player.playerHandler.uploadScore, msg: {"code":500}, receivers: [1], opts: {"type":"response","userOptions":{},"isResponse":true}
[2016-08-26 11:26:05.988] [INFO] pomelo - [32m[D:\SGame\SGameServer\SGameServer\game-server\node_modules\pomelo\lib\application.js] [39mapplication inited: "connector-server-1"
[2016-08-26 11:26:08.442] [INFO] pomelo - [32m[D:\SGame\SGameServer\SGameServer\game-server\node_modules\pomelo\lib\application.js] [39m"connector-server-1" enter after start...
[2016-08-26 11:26:08.453] [INFO] pomelo - [32m[D:\SGame\SGameServer\SGameServer\game-server\node_modules\pomelo\lib\application.js] [39m"connector-server-1" finish start
[2016-08-26 11:26:08.453] [INFO] pomelo - [32m[D:\SGame\SGameServer\SGameServer\game-server\node_modules\pomelo\lib\application.js] [39m"connector-server-1" startup in 1715 ms
[2016-08-26 14:18:23.865] [DEBUG] pomelo - [36m[D:\SGame\SGameServer\SGameServer\game-server\node_modules\pomelo\lib\components\connector.js] [39m[connector-server-1] getSession session is created with session id: 1
[2016-08-26 14:18:24.169] [DEBUG] pomelo - [36m[D:\SGame\SGameServer\SGameServer\game-server\node_modules\pomelo\lib\components\connector.js] [39m[connector-server-1] getSession session is created with session id: 2
[2016-08-26 14:18:41.352] [DEBUG] pomelo - [36m[D:\SGame\SGameServer\SGameServer\game-server\node_modules\pomelo\lib\common\service\sessionService.js] [39msession on [connector-server-1] is closed with session id: 2
[2016-08-26 14:18:41.366] [DEBUG] pomelo - [36m[D:\SGame\SGameServer\SGameServer\game-server\node_modules\pomelo\lib\common\service\sessionService.js] [39msession on [connector-server-1] is closed with session id: 1
[2016-08-26 14:19:19.908] [DEBUG] pomelo - [36m[D:\SGame\SGameServer\SGameServer\game-server\node_modules\pomelo\lib\components\connector.js] [39m[connector-server-1] getSession session is created with session id: 3
[2016-08-26 14:19:27.590] [DEBUG] pomelo - [36m[D:\SGame\SGameServer\SGameServer\game-server\node_modules\pomelo\lib\common\service\sessionService.js] [39msession on [connector-server-1] is closed with session id: 3
[2016-08-26 14:21:56.560] [DEBUG] pomelo - [36m[D:\SGame\SGameServer\SGameServer\game-server\node_modules\pomelo\lib\components\connector.js] [39m[connector-server-1] getSession session is created with session id: 4
[2016-08-26 14:24:08.727] [DEBUG] pomelo - [36m[D:\SGame\SGameServer\SGameServer\game-server\node_modules\pomelo\lib\components\connector.js] [39m[connector-server-1] handleMessage session id: 4, msg: {"id":2,"type":0,"compressRoute":0,"route":"player.playerHandler.uploadScore","body":{"uid":0},"compressGzip":0}
[2016-08-26 14:24:09.638] [DEBUG] pomelo - [36m[D:\SGame\SGameServer\SGameServer\game-server\node_modules\pomelo\lib\components\connector.js] [39m[connector-server-1] handleMessage session id: 4, msg: {"id":3,"type":0,"compressRoute":0,"route":"player.playerHandler.uploadScore","body":{"uid":0},"compressGzip":0}
[2016-08-26 14:24:39.116] [ERROR] pomelo - [31m[D:\SGame\SGameServer\SGameServer\game-server\node_modules\pomelo\lib\server\server.js] [39mfail to process remote message:Error: rpc failed with error code: 5
    at failfast (D:\SGame\SGameServer\SGameServer\game-server\node_modules\pomelo\node_modules\pomelo-rpc\lib\rpc-client\failureProcess.js:151:27)
    at module.exports (D:\SGame\SGameServer\SGameServer\game-server\node_modules\pomelo\node_modules\pomelo-rpc\lib\rpc-client\failureProcess.js:24:10)
    at emit (events.js:106:17)
    at D:\SGame\SGameServer\SGameServer\game-server\node_modules\pomelo\node_modules\pomelo-rpc\lib\rpc-client\mailstation.js:252:14
    at Object.exp.invokeCallback (D:\SGame\SGameServer\SGameServer\game-server\node_modules\pomelo\node_modules\pomelo-rpc\lib\util\utils.js:5:8)
    at null.<anonymous> (D:\SGame\SGameServer\SGameServer\game-server\node_modules\pomelo\node_modules\pomelo-rpc\lib\rpc-client\mailboxes\ws-mailbox.js:167:11)
    at Timer.listOnTimeout [as ontimeout] (timers.js:110:15)
[2016-08-26 14:24:39.117] [DEBUG] pomelo - [36m[D:\SGame\SGameServer\SGameServer\game-server\node_modules\pomelo\lib\components\connector.js] [39m[connector-server-1] send message reqId: 2, route: player.playerHandler.uploadScore, msg: {"code":500}, receivers: [4], opts: {"type":"response","userOptions":{},"isResponse":true}
[2016-08-26 14:24:39.654] [ERROR] pomelo - [31m[D:\SGame\SGameServer\SGameServer\game-server\node_modules\pomelo\lib\server\server.js] [39mfail to process remote message:Error: rpc failed with error code: 5
    at failfast (D:\SGame\SGameServer\SGameServer\game-server\node_modules\pomelo\node_modules\pomelo-rpc\lib\rpc-client\failureProcess.js:151:27)
    at module.exports (D:\SGame\SGameServer\SGameServer\game-server\node_modules\pomelo\node_modules\pomelo-rpc\lib\rpc-client\failureProcess.js:24:10)
    at emit (events.js:106:17)
    at D:\SGame\SGameServer\SGameServer\game-server\node_modules\pomelo\node_modules\pomelo-rpc\lib\rpc-client\mailstation.js:252:14
    at Object.exp.invokeCallback (D:\SGame\SGameServer\SGameServer\game-server\node_modules\pomelo\node_modules\pomelo-rpc\lib\util\utils.js:5:8)
    at null.<anonymous> (D:\SGame\SGameServer\SGameServer\game-server\node_modules\pomelo\node_modules\pomelo-rpc\lib\rpc-client\mailboxes\ws-mailbox.js:167:11)
    at Timer.listOnTimeout [as ontimeout] (timers.js:110:15)
[2016-08-26 14:24:39.655] [DEBUG] pomelo - [36m[D:\SGame\SGameServer\SGameServer\game-server\node_modules\pomelo\lib\components\connector.js] [39m[connector-server-1] send message reqId: 3, route: player.playerHandler.uploadScore, msg: {"code":500}, receivers: [4], opts: {"type":"response","userOptions":{},"isResponse":true}
[2016-08-26 14:27:15.533] [DEBUG] pomelo - [36m[D:\SGame\SGameServer\SGameServer\game-server\node_modules\pomelo\lib\common\service\sessionService.js] [39msession on [connector-server-1] is closed with session id: 4
[2016-08-26 14:28:36.306] [DEBUG] pomelo - [36m[D:\SGame\SGameServer\SGameServer\game-server\node_modules\pomelo\lib\components\connector.js] [39m[connector-server-1] getSession session is created with session id: 5
[2016-08-26 14:29:34.671] [DEBUG] pomelo - [36m[D:\SGame\SGameServer\SGameServer\game-server\node_modules\pomelo\lib\common\service\sessionService.js] [39msession on [connector-server-1] is closed with session id: 5
[2016-08-26 14:29:54.915] [DEBUG] pomelo - [36m[D:\SGame\SGameServer\SGameServer\game-server\node_modules\pomelo\lib\components\connector.js] [39m[connector-server-1] getSession session is created with session id: 6
[2016-08-26 14:29:58.951] [DEBUG] pomelo - [36m[D:\SGame\SGameServer\SGameServer\game-server\node_modules\pomelo\lib\components\connector.js] [39m[connector-server-1] handleMessage session id: 6, msg: {"id":2,"type":0,"compressRoute":0,"route":"player.playerHandler.uploadScore","body":{"uid":0},"compressGzip":0}
[2016-08-26 14:30:06.375] [DEBUG] pomelo - [36m[D:\SGame\SGameServer\SGameServer\game-server\node_modules\pomelo\lib\components\connector.js] [39m[connector-server-1] handleMessage session id: 6, msg: {"id":3,"type":0,"compressRoute":0,"route":"player.playerHandler.uploadScore","body":{"uid":0},"compressGzip":0}
[2016-08-26 14:30:28.961] [ERROR] pomelo - [31m[D:\SGame\SGameServer\SGameServer\game-server\node_modules\pomelo\lib\server\server.js] [39mfail to process remote message:Error: rpc failed with error code: 5
    at failfast (D:\SGame\SGameServer\SGameServer\game-server\node_modules\pomelo\node_modules\pomelo-rpc\lib\rpc-client\failureProcess.js:151:27)
    at module.exports (D:\SGame\SGameServer\SGameServer\game-server\node_modules\pomelo\node_modules\pomelo-rpc\lib\rpc-client\failureProcess.js:24:10)
    at emit (events.js:106:17)
    at D:\SGame\SGameServer\SGameServer\game-server\node_modules\pomelo\node_modules\pomelo-rpc\lib\rpc-client\mailstation.js:252:14
    at Object.exp.invokeCallback (D:\SGame\SGameServer\SGameServer\game-server\node_modules\pomelo\node_modules\pomelo-rpc\lib\util\utils.js:5:8)
    at null.<anonymous> (D:\SGame\SGameServer\SGameServer\game-server\node_modules\pomelo\node_modules\pomelo-rpc\lib\rpc-client\mailboxes\ws-mailbox.js:167:11)
    at Timer.listOnTimeout [as ontimeout] (timers.js:110:15)
[2016-08-26 14:30:28.961] [DEBUG] pomelo - [36m[D:\SGame\SGameServer\SGameServer\game-server\node_modules\pomelo\lib\components\connector.js] [39m[connector-server-1] send message reqId: 2, route: player.playerHandler.uploadScore, msg: {"code":500}, receivers: [6], opts: {"type":"response","userOptions":{},"isResponse":true}
[2016-08-26 14:30:36.388] [ERROR] pomelo - [31m[D:\SGame\SGameServer\SGameServer\game-server\node_modules\pomelo\lib\server\server.js] [39mfail to process remote message:Error: rpc failed with error code: 5
    at failfast (D:\SGame\SGameServer\SGameServer\game-server\node_modules\pomelo\node_modules\pomelo-rpc\lib\rpc-client\failureProcess.js:151:27)
    at module.exports (D:\SGame\SGameServer\SGameServer\game-server\node_modules\pomelo\node_modules\pomelo-rpc\lib\rpc-client\failureProcess.js:24:10)
    at emit (events.js:106:17)
    at D:\SGame\SGameServer\SGameServer\game-server\node_modules\pomelo\node_modules\pomelo-rpc\lib\rpc-client\mailstation.js:252:14
    at Object.exp.invokeCallback (D:\SGame\SGameServer\SGameServer\game-server\node_modules\pomelo\node_modules\pomelo-rpc\lib\util\utils.js:5:8)
    at null.<anonymous> (D:\SGame\SGameServer\SGameServer\game-server\node_modules\pomelo\node_modules\pomelo-rpc\lib\rpc-client\mailboxes\ws-mailbox.js:167:11)
    at Timer.listOnTimeout [as ontimeout] (timers.js:110:15)
[2016-08-26 14:30:36.388] [DEBUG] pomelo - [36m[D:\SGame\SGameServer\SGameServer\game-server\node_modules\pomelo\lib\components\connector.js] [39m[connector-server-1] send message reqId: 3, route: player.playerHandler.uploadScore, msg: {"code":500}, receivers: [6], opts: {"type":"response","userOptions":{},"isResponse":true}
[2016-08-26 15:01:16.408] [INFO] pomelo - [32m[D:\SGame\SGameServer\SGameServer\game-server\node_modules\pomelo\lib\application.js] [39mapplication inited: "connector-server-1"
[2016-08-26 15:01:17.840] [INFO] pomelo - [32m[D:\SGame\SGameServer\SGameServer\game-server\node_modules\pomelo\lib\application.js] [39m"connector-server-1" enter after start...
[2016-08-26 15:01:17.848] [INFO] pomelo - [32m[D:\SGame\SGameServer\SGameServer\game-server\node_modules\pomelo\lib\application.js] [39m"connector-server-1" finish start
[2016-08-26 15:01:17.848] [INFO] pomelo - [32m[D:\SGame\SGameServer\SGameServer\game-server\node_modules\pomelo\lib\application.js] [39m"connector-server-1" startup in 1061 ms
[2016-08-26 15:13:38.059] [DEBUG] pomelo - [36m[D:\SGame\SGameServer\SGameServer\game-server\node_modules\pomelo\lib\components\connector.js] [39m[connector-server-1] getSession session is created with session id: 1
[2016-08-26 15:13:38.074] [DEBUG] pomelo - [36m[D:\SGame\SGameServer\SGameServer\game-server\node_modules\pomelo\lib\components\connector.js] [39m[connector-server-1] handleMessage session id: 1, msg: {"id":2,"type":0,"compressRoute":0,"route":"connector.entryHandler.enter","body":{"uid":"Dff","password":"Sdfsfd"},"compressGzip":0}
[2016-08-26 15:14:47.085] [DEBUG] pomelo - [36m[D:\SGame\SGameServer\SGameServer\game-server\node_modules\pomelo\lib\common\service\sessionService.js] [39msession on [connector-server-1] is closed with session id: 1
[2016-08-26 15:17:33.271] [INFO] pomelo - [32m[D:\SGame\SGameServer\SGameServer\game-server\node_modules\pomelo\lib\application.js] [39mapplication inited: "connector-server-1"
[2016-08-26 15:17:34.693] [INFO] pomelo - [32m[D:\SGame\SGameServer\SGameServer\game-server\node_modules\pomelo\lib\application.js] [39m"connector-server-1" enter after start...
[2016-08-26 15:17:34.699] [INFO] pomelo - [32m[D:\SGame\SGameServer\SGameServer\game-server\node_modules\pomelo\lib\application.js] [39m"connector-server-1" finish start
[2016-08-26 15:17:34.699] [INFO] pomelo - [32m[D:\SGame\SGameServer\SGameServer\game-server\node_modules\pomelo\lib\application.js] [39m"connector-server-1" startup in 1070 ms
[2016-08-26 15:17:34.967] [DEBUG] pomelo - [36m[D:\SGame\SGameServer\SGameServer\game-server\node_modules\pomelo\lib\modules\monitorwatcher.js] [39m[connector-server-1] receive addServer signal: {"action":"addServer","server":{"main":"D:\\SGame\\SGameServer\\SGameServer\\game-server\\app.js","env":"development","id":"player","host":"127.0.0.1","port":3152,"serverType":"player","pid":7444}}
[2016-08-26 15:18:49.507] [DEBUG] pomelo - [36m[D:\SGame\SGameServer\SGameServer\game-server\node_modules\pomelo\lib\components\connector.js] [39m[connector-server-1] getSession session is created with session id: 1
[2016-08-26 15:18:55.627] [DEBUG] pomelo - [36m[D:\SGame\SGameServer\SGameServer\game-server\node_modules\pomelo\lib\components\connector.js] [39m[connector-server-1] handleMessage session id: 1, msg: {"id":2,"type":0,"compressRoute":0,"route":"connector.entryHandler.enter","body":{"uid":"Cfdf","password":"Dfd"},"compressGzip":0}
[2016-08-26 15:18:55.642] [DEBUG] pomelo - [36m[D:\SGame\SGameServer\SGameServer\game-server\node_modules\pomelo\lib\components\connector.js] [39msession on [connector-server-1] bind with uid: undefined
[2016-08-26 15:18:55.734] [DEBUG] pomelo - [36m[D:\SGame\SGameServer\SGameServer\game-server\node_modules\pomelo\lib\components\connector.js] [39m[connector-server-1] send message reqId: 2, route: connector.entryHandler.enter, msg: {"users":"this.get(name, flag)"}, receivers: [1], opts: {"type":"response","userOptions":{},"isResponse":true}
[2016-08-26 15:22:35.847] [DEBUG] pomelo - [36m[D:\SGame\SGameServer\SGameServer\game-server\node_modules\pomelo\lib\components\connector.js] [39m[connector-server-1] handleMessage session id: 1, msg: {"id":3,"type":0,"compressRoute":0,"route":"player.playerHandler.uploadScore","body":{"uid":0},"compressGzip":0}
[2016-08-26 15:23:05.871] [ERROR] pomelo - [31m[D:\SGame\SGameServer\SGameServer\game-server\node_modules\pomelo\lib\server\server.js] [39mfail to process remote message:Error: rpc failed with error code: 5
    at failfast (D:\SGame\SGameServer\SGameServer\game-server\node_modules\pomelo\node_modules\pomelo-rpc\lib\rpc-client\failureProcess.js:151:27)
    at module.exports (D:\SGame\SGameServer\SGameServer\game-server\node_modules\pomelo\node_modules\pomelo-rpc\lib\rpc-client\failureProcess.js:24:10)
    at emit (events.js:106:17)
    at D:\SGame\SGameServer\SGameServer\game-server\node_modules\pomelo\node_modules\pomelo-rpc\lib\rpc-client\mailstation.js:252:14
    at Object.exp.invokeCallback (D:\SGame\SGameServer\SGameServer\game-server\node_modules\pomelo\node_modules\pomelo-rpc\lib\util\utils.js:5:8)
    at null.<anonymous> (D:\SGame\SGameServer\SGameServer\game-server\node_modules\pomelo\node_modules\pomelo-rpc\lib\rpc-client\mailboxes\ws-mailbox.js:167:11)
    at Timer.listOnTimeout [as ontimeout] (timers.js:110:15)
[2016-08-26 15:23:05.872] [DEBUG] pomelo - [36m[D:\SGame\SGameServer\SGameServer\game-server\node_modules\pomelo\lib\components\connector.js] [39m[connector-server-1] send message reqId: 3, route: player.playerHandler.uploadScore, msg: {"code":500}, receivers: [1], opts: {"type":"response","userOptions":{},"isResponse":true}
[2016-08-26 17:25:44.508] [INFO] pomelo - [32m[D:\SGame\SGameServer\SGameServer\game-server\node_modules\pomelo\lib\application.js] [39mapplication inited: "connector-server-1"
[2016-08-26 17:25:46.041] [INFO] pomelo - [32m[D:\SGame\SGameServer\SGameServer\game-server\node_modules\pomelo\lib\application.js] [39m"connector-server-1" enter after start...
[2016-08-26 17:25:46.048] [INFO] pomelo - [32m[D:\SGame\SGameServer\SGameServer\game-server\node_modules\pomelo\lib\application.js] [39m"connector-server-1" finish start
[2016-08-26 17:25:46.048] [INFO] pomelo - [32m[D:\SGame\SGameServer\SGameServer\game-server\node_modules\pomelo\lib\application.js] [39m"connector-server-1" startup in 1235 ms
[2016-08-26 18:46:39.490] [DEBUG] pomelo - [36m[D:\SGame\SGameServer\SGameServer\game-server\node_modules\pomelo\lib\components\connector.js] [39m[connector-server-1] getSession session is created with session id: 1
[2016-08-26 18:46:39.525] [DEBUG] pomelo - [36m[D:\SGame\SGameServer\SGameServer\game-server\node_modules\pomelo\lib\components\connector.js] [39m[connector-server-1] handleMessage session id: 1, msg: {"id":2,"type":0,"compressRoute":0,"route":"connector.entryHandler.enter","body":{"uid":"Tgr","password":"Rtgrt"},"compressGzip":0}
[2016-08-26 18:46:39.586] [DEBUG] pomelo - [36m[D:\SGame\SGameServer\SGameServer\game-server\node_modules\pomelo\lib\components\connector.js] [39msession on [connector-server-1] bind with uid: undefined
[2016-08-26 18:46:39.677] [DEBUG] pomelo - [36m[D:\SGame\SGameServer\SGameServer\game-server\node_modules\pomelo\lib\components\connector.js] [39m[connector-server-1] send message reqId: 2, route: connector.entryHandler.enter, msg: {"users":"this.get(name, flag)"}, receivers: [1], opts: {"type":"response","userOptions":{},"isResponse":true}
[2016-08-26 19:04:22.905] [DEBUG] pomelo - [36m[D:\SGame\SGameServer\SGameServer\game-server\node_modules\pomelo\lib\common\service\sessionService.js] [39msession on [connector-server-1] is closed with session id: 1
[2016-08-29 11:09:21.390] [INFO] pomelo - [32m[D:\SGame\SGameServer\SGameServer\game-server\node_modules\pomelo\lib\application.js] [39mapplication inited: "connector-server-1"
[2016-08-29 11:09:23.328] [INFO] pomelo - [32m[D:\SGame\SGameServer\SGameServer\game-server\node_modules\pomelo\lib\application.js] [39m"connector-server-1" enter after start...
[2016-08-29 11:09:23.335] [INFO] pomelo - [32m[D:\SGame\SGameServer\SGameServer\game-server\node_modules\pomelo\lib\application.js] [39m"connector-server-1" finish start
[2016-08-29 11:09:23.335] [INFO] pomelo - [32m[D:\SGame\SGameServer\SGameServer\game-server\node_modules\pomelo\lib\application.js] [39m"connector-server-1" startup in 1549 ms
[2016-08-29 11:10:46.255] [DEBUG] pomelo - [36m[D:\SGame\SGameServer\SGameServer\game-server\node_modules\pomelo\lib\components\connector.js] [39m[connector-server-1] getSession session is created with session id: 1
[2016-08-29 11:10:47.031] [DEBUG] pomelo - [36m[D:\SGame\SGameServer\SGameServer\game-server\node_modules\pomelo\lib\components\connector.js] [39m[connector-server-1] handleMessage session id: 1, msg: {"id":2,"type":0,"compressRoute":0,"route":"connector.entryHandler.enter","body":{"uid":"Dsf","password":"Sdfs"},"compressGzip":0}
[2016-08-29 11:10:47.034] [DEBUG] pomelo - [36m[D:\SGame\SGameServer\SGameServer\game-server\node_modules\pomelo\lib\components\connector.js] [39msession on [connector-server-1] bind with uid: undefined*undefined
[2016-08-29 11:10:47.162] [DEBUG] pomelo - [36m[D:\SGame\SGameServer\SGameServer\game-server\node_modules\pomelo\lib\components\connector.js] [39m[connector-server-1] send message reqId: 2, route: connector.entryHandler.enter, msg: {"users":["undefined"]}, receivers: [1], opts: {"type":"response","userOptions":{},"isResponse":true}
[2016-08-29 11:10:49.714] [DEBUG] pomelo - [36m[D:\SGame\SGameServer\SGameServer\game-server\node_modules\pomelo\lib\components\connector.js] [39m[connector-server-1] handleMessage session id: 1, msg: {"id":3,"type":0,"compressRoute":0,"route":"player.playerHandler.send","body":{"uid":0},"compressGzip":0}
[2016-08-29 11:10:49.740] [DEBUG] pomelo - [36m[D:\SGame\SGameServer\SGameServer\game-server\node_modules\pomelo\lib\components\connector.js] [39m[connector-server-1] send message reqId: 3, route: player.playerHandler.send, msg: {"route":"sdfsdfsdf"}, receivers: [1], opts: {"type":"response","userOptions":{},"isResponse":true}
[2016-08-29 11:18:32.115] [INFO] pomelo - [32m[D:\SGame\SGameServer\SGameServer\game-server\node_modules\pomelo\lib\application.js] [39mapplication inited: "connector-server-1"
[2016-08-29 11:18:33.640] [INFO] pomelo - [32m[D:\SGame\SGameServer\SGameServer\game-server\node_modules\pomelo\lib\application.js] [39m"connector-server-1" enter after start...
[2016-08-29 11:18:33.647] [INFO] pomelo - [32m[D:\SGame\SGameServer\SGameServer\game-server\node_modules\pomelo\lib\application.js] [39m"connector-server-1" finish start
[2016-08-29 11:18:33.647] [INFO] pomelo - [32m[D:\SGame\SGameServer\SGameServer\game-server\node_modules\pomelo\lib\application.js] [39m"connector-server-1" startup in 1180 ms
[2016-08-29 11:18:46.099] [DEBUG] pomelo - [36m[D:\SGame\SGameServer\SGameServer\game-server\node_modules\pomelo\lib\components\connector.js] [39m[connector-server-1] getSession session is created with session id: 1
[2016-08-29 11:18:46.285] [DEBUG] pomelo - [36m[D:\SGame\SGameServer\SGameServer\game-server\node_modules\pomelo\lib\components\connector.js] [39m[connector-server-1] handleMessage session id: 1, msg: {"id":2,"type":0,"compressRoute":0,"route":"connector.entryHandler.enter","body":{"uid":"Dfsdf","password":"Sdfsdf"},"compressGzip":0}
[2016-08-29 11:18:46.287] [DEBUG] pomelo - [36m[D:\SGame\SGameServer\SGameServer\game-server\node_modules\pomelo\lib\components\connector.js] [39msession on [connector-server-1] bind with uid: undefined*undefined
[2016-08-29 11:18:54.837] [DEBUG] pomelo - [36m[D:\SGame\SGameServer\SGameServer\game-server\node_modules\pomelo\lib\components\connector.js] [39m[connector-server-1] getSession session is created with session id: 2
[2016-08-29 11:18:55.532] [DEBUG] pomelo - [36m[D:\SGame\SGameServer\SGameServer\game-server\node_modules\pomelo\lib\components\connector.js] [39m[connector-server-1] handleMessage session id: 2, msg: {"id":4,"type":0,"compressRoute":0,"route":"connector.entryHandler.enter","body":{"uid":"Dfsdf","password":"Sdfsdf"},"compressGzip":0}
[2016-08-29 11:18:55.533] [DEBUG] pomelo - [36m[D:\SGame\SGameServer\SGameServer\game-server\node_modules\pomelo\lib\components\connector.js] [39m[connector-server-1] send message reqId: 4, route: connector.entryHandler.enter, msg: {"code":500,"error":true}, receivers: [2], opts: {"type":"response","userOptions":{},"isResponse":true}
[2016-08-29 11:18:58.889] [DEBUG] pomelo - [36m[D:\SGame\SGameServer\SGameServer\game-server\node_modules\pomelo\lib\components\connector.js] [39m[connector-server-1] handleMessage session id: 2, msg: {"id":5,"type":0,"compressRoute":0,"route":"player.playerHandler.send","body":{"uid":0},"compressGzip":0}
[2016-08-29 11:18:58.977] [DEBUG] pomelo - [36m[D:\SGame\SGameServer\SGameServer\game-server\node_modules\pomelo\lib\components\connector.js] [39m[connector-server-1] send message reqId: 5, route: player.playerHandler.send, msg: {"route":"sdfsdfsdf"}, receivers: [2], opts: {"type":"response","userOptions":{},"isResponse":true}
[2016-08-29 14:14:41.858] [INFO] pomelo - [32m[D:\SGame\SGameServer\SGameServer\game-server\node_modules\pomelo\lib\application.js] [39mapplication inited: "connector-server-1"
[2016-08-29 14:14:43.163] [INFO] pomelo - [32m[D:\SGame\SGameServer\SGameServer\game-server\node_modules\pomelo\lib\application.js] [39m"connector-server-1" enter after start...
[2016-08-29 14:14:43.167] [INFO] pomelo - [32m[D:\SGame\SGameServer\SGameServer\game-server\node_modules\pomelo\lib\application.js] [39m"connector-server-1" finish start
[2016-08-29 14:14:43.167] [INFO] pomelo - [32m[D:\SGame\SGameServer\SGameServer\game-server\node_modules\pomelo\lib\application.js] [39m"connector-server-1" startup in 1084 ms
[2016-08-29 14:14:43.597] [DEBUG] pomelo - [36m[D:\SGame\SGameServer\SGameServer\game-server\node_modules\pomelo\lib\modules\monitorwatcher.js] [39m[connector-server-1] receive addServer signal: {"action":"addServer","server":{"main":"D:\\SGame\\SGameServer\\SGameServer\\game-server\\app.js","env":"development","id":"chat-server-1","host":"127.0.0.1","port":6050,"args":" --debug=5858 ","serverType":"chat","pid":6356}}
[2016-08-29 14:14:43.902] [DEBUG] pomelo - [36m[D:\SGame\SGameServer\SGameServer\game-server\node_modules\pomelo\lib\modules\monitorwatcher.js] [39m[connector-server-1] receive addServer signal: {"action":"addServer","server":{"main":"D:\\SGame\\SGameServer\\SGameServer\\game-server\\app.js","env":"development","id":"player-server-1","host":"127.0.0.1","port":6052,"serverType":"player","pid":8492}}
[2016-08-29 14:14:44.095] [DEBUG] pomelo - [36m[D:\SGame\SGameServer\SGameServer\game-server\node_modules\pomelo\lib\modules\monitorwatcher.js] [39m[connector-server-1] receive addServer signal: {"action":"addServer","server":{"main":"D:\\SGame\\SGameServer\\SGameServer\\game-server\\app.js","env":"development","id":"gate-server-1","host":"127.0.0.1","clientPort":3014,"frontend":"true","serverType":"gate","pid":8016}}
[2016-08-29 14:15:31.847] [DEBUG] pomelo - [36m[D:\SGame\SGameServer\SGameServer\game-server\node_modules\pomelo\lib\components\connector.js] [39m[connector-server-1] getSession session is created with session id: 1
[2016-08-29 14:15:32.434] [DEBUG] pomelo - [36m[D:\SGame\SGameServer\SGameServer\game-server\node_modules\pomelo\lib\components\connector.js] [39m[connector-server-1] handleMessage session id: 1, msg: {"id":2,"type":0,"compressRoute":0,"route":"connector.entryHandler.enter","body":{"uid":"Fgdg","password":"Fgdfg"},"compressGzip":0}
[2016-08-29 14:15:32.442] [DEBUG] pomelo - [36m[D:\SGame\SGameServer\SGameServer\game-server\node_modules\pomelo\lib\components\connector.js] [39msession on [connector-server-1] bind with uid: undefined*undefined
[2016-08-29 14:16:44.005] [INFO] pomelo - [32m[D:\SGame\SGameServer\SGameServer\game-server\node_modules\pomelo\lib\application.js] [39mapplication inited: "connector-server-1"
[2016-08-29 14:16:45.474] [INFO] pomelo - [32m[D:\SGame\SGameServer\SGameServer\game-server\node_modules\pomelo\lib\application.js] [39m"connector-server-1" enter after start...
[2016-08-29 14:16:45.479] [INFO] pomelo - [32m[D:\SGame\SGameServer\SGameServer\game-server\node_modules\pomelo\lib\application.js] [39m"connector-server-1" finish start
[2016-08-29 14:16:45.479] [INFO] pomelo - [32m[D:\SGame\SGameServer\SGameServer\game-server\node_modules\pomelo\lib\application.js] [39m"connector-server-1" startup in 1302 ms
[2016-08-29 14:16:45.914] [DEBUG] pomelo - [36m[D:\SGame\SGameServer\SGameServer\game-server\node_modules\pomelo\lib\modules\monitorwatcher.js] [39m[connector-server-1] receive addServer signal: {"action":"addServer","server":{"main":"D:\\SGame\\SGameServer\\SGameServer\\game-server\\app.js","env":"development","id":"player-server-1","host":"127.0.0.1","port":6052,"serverType":"player","pid":7252}}
[2016-08-29 14:16:46.337] [DEBUG] pomelo - [36m[D:\SGame\SGameServer\SGameServer\game-server\node_modules\pomelo\lib\modules\monitorwatcher.js] [39m[connector-server-1] receive addServer signal: {"action":"addServer","server":{"main":"D:\\SGame\\SGameServer\\SGameServer\\game-server\\app.js","env":"development","id":"gate-server-1","host":"127.0.0.1","clientPort":3014,"frontend":"true","serverType":"gate","pid":6440}}
[2016-08-29 14:17:00.148] [DEBUG] pomelo - [36m[D:\SGame\SGameServer\SGameServer\game-server\node_modules\pomelo\lib\components\connector.js] [39m[connector-server-1] getSession session is created with session id: 1
[2016-08-29 14:17:00.955] [DEBUG] pomelo - [36m[D:\SGame\SGameServer\SGameServer\game-server\node_modules\pomelo\lib\components\connector.js] [39m[connector-server-1] handleMessage session id: 1, msg: {"id":2,"type":0,"compressRoute":0,"route":"connector.entryHandler.enter","body":{"uid":"Dfgdfghd","password":"Hrgdgf","rid":"Dfgdfghd","username":"Hrgdgf"},"compressGzip":0}
[2016-08-29 14:17:00.958] [DEBUG] pomelo - [36m[D:\SGame\SGameServer\SGameServer\game-server\node_modules\pomelo\lib\components\connector.js] [39msession on [connector-server-1] bind with uid: Hrgdgf*Dfgdfghd
[2016-08-29 14:18:24.736] [INFO] pomelo - [32m[D:\SGame\SGameServer\SGameServer\game-server\node_modules\pomelo\lib\application.js] [39mapplication inited: "connector-server-1"
[2016-08-29 14:18:26.629] [INFO] pomelo - [32m[D:\SGame\SGameServer\SGameServer\game-server\node_modules\pomelo\lib\application.js] [39m"connector-server-1" enter after start...
[2016-08-29 14:18:26.634] [INFO] pomelo - [32m[D:\SGame\SGameServer\SGameServer\game-server\node_modules\pomelo\lib\application.js] [39m"connector-server-1" finish start
[2016-08-29 14:18:26.634] [INFO] pomelo - [32m[D:\SGame\SGameServer\SGameServer\game-server\node_modules\pomelo\lib\application.js] [39m"connector-server-1" startup in 1648 ms
[2016-08-29 14:18:26.704] [DEBUG] pomelo - [36m[D:\SGame\SGameServer\SGameServer\game-server\node_modules\pomelo\lib\modules\monitorwatcher.js] [39m[connector-server-1] receive addServer signal: {"action":"addServer","server":{"main":"D:\\SGame\\SGameServer\\SGameServer\\game-server\\app.js","env":"development","id":"gate-server-1","host":"127.0.0.1","clientPort":3014,"frontend":"true","serverType":"gate","pid":8688}}
[2016-08-29 14:18:42.528] [DEBUG] pomelo - [36m[D:\SGame\SGameServer\SGameServer\game-server\node_modules\pomelo\lib\components\connector.js] [39m[connector-server-1] getSession session is created with session id: 1
[2016-08-29 14:18:43.995] [DEBUG] pomelo - [36m[D:\SGame\SGameServer\SGameServer\game-server\node_modules\pomelo\lib\components\connector.js] [39m[connector-server-1] handleMessage session id: 1, msg: {"id":2,"type":0,"compressRoute":0,"route":"connector.entryHandler.enter","body":{"uid":"Hjfgdf","password":"Sdfsdf","rid":"Hjfgdf","username":"Sdfsdf"},"compressGzip":0}
[2016-08-29 14:18:43.999] [DEBUG] pomelo - [36m[D:\SGame\SGameServer\SGameServer\game-server\node_modules\pomelo\lib\components\connector.js] [39msession on [connector-server-1] bind with uid: Sdfsdf*Hjfgdf
[2016-08-29 14:19:55.888] [INFO] pomelo - [32m[D:\SGame\SGameServer\SGameServer\game-server\node_modules\pomelo\lib\application.js] [39mapplication inited: "connector-server-1"
[2016-08-29 14:19:57.348] [INFO] pomelo - [32m[D:\SGame\SGameServer\SGameServer\game-server\node_modules\pomelo\lib\application.js] [39m"connector-server-1" enter after start...
[2016-08-29 14:19:57.357] [INFO] pomelo - [32m[D:\SGame\SGameServer\SGameServer\game-server\node_modules\pomelo\lib\application.js] [39m"connector-server-1" finish start
[2016-08-29 14:19:57.357] [INFO] pomelo - [32m[D:\SGame\SGameServer\SGameServer\game-server\node_modules\pomelo\lib\application.js] [39m"connector-server-1" startup in 1131 ms
[2016-08-29 14:20:38.613] [DEBUG] pomelo - [36m[D:\SGame\SGameServer\SGameServer\game-server\node_modules\pomelo\lib\components\connector.js] [39m[connector-server-1] getSession session is created with session id: 1
[2016-08-29 14:20:39.483] [DEBUG] pomelo - [36m[D:\SGame\SGameServer\SGameServer\game-server\node_modules\pomelo\lib\components\connector.js] [39m[connector-server-1] handleMessage session id: 1, msg: {"id":2,"type":0,"compressRoute":0,"route":"connector.entryHandler.enter","body":{"uid":"Hdfgd","password":"Sdfsdf","rid":"Hdfgd","username":"Sdfsdf"},"compressGzip":0}
[2016-08-29 14:20:39.486] [DEBUG] pomelo - [36m[D:\SGame\SGameServer\SGameServer\game-server\node_modules\pomelo\lib\components\connector.js] [39msession on [connector-server-1] bind with uid: Sdfsdf*Hdfgd
[2016-08-29 14:20:39.486] [DEBUG] pomelo - [36m[D:\SGame\SGameServer\SGameServer\game-server\node_modules\pomelo\lib\components\connector.js] [39m[connector-server-1] send message reqId: 2, route: connector.entryHandler.enter, msg: {"users":"users"}, receivers: [1], opts: {"type":"response","userOptions":{},"isResponse":true}
[2016-08-29 14:20:45.239] [DEBUG] pomelo - [36m[D:\SGame\SGameServer\SGameServer\game-server\node_modules\pomelo\lib\components\connector.js] [39m[connector-server-1] handleMessage session id: 1, msg: {"id":3,"type":0,"compressRoute":0,"route":"player.playerHandler.send","body":{"uid":0},"compressGzip":0}
[2016-08-29 14:20:45.313] [DEBUG] pomelo - [36m[D:\SGame\SGameServer\SGameServer\game-server\node_modules\pomelo\lib\components\connector.js] [39m[connector-server-1] send message reqId: 3, route: player.playerHandler.send, msg: {"route":"sdfsdfsdf"}, receivers: [1], opts: {"type":"response","userOptions":{},"isResponse":true}
